2019年 09月 22日 星期日 14:34:40 CST lws login!
2019年 09月 22日 星期日 16:46:56 CST lws login!
2019年 09月 22日 星期日 16:47:22 CST lws logout!
2019年 09月 22日 星期日 16:47:41 CST root login!
2019年 09月 22日 星期日 16:49:00 CST root logout!
2019年 09月 22日 星期日 16:58:25 CST root login!
2019年 09月 22日 星期日 17:02:39 CST root logout!
2019年 09月 22日 星期日 17:03:44 CST root login!
2019年 09月 22日 星期日 17:04:10 CST root logout!
2019年 09月 22日 星期日 17:04:24 CST root login!
2019年 09月 22日 星期日 17:04:38 CST root logout!
2019年 09月 22日 星期日 17:05:33 CST root login!
2019年 09月 22日 星期日 17:05:49 CST root logout!
2019年 09月 22日 星期日 17:06:04 CST root login!
2019年 09月 22日 星期日 17:09:04 CST root logout!
2019年 09月 22日 星期日 23:19:27 CST lws login!
2019年 09月 23日 星期一 09:00:57 CST lws login!
2019年 09月 23日 星期一 16:01:30 CST lws login!
2019年 09月 23日 星期一 17:51:41 CST lws login!
2019年 09月 23日 星期一 18:02:58 CST lws login!
2019年 09月 24日 星期二 09:01:18 CST lws login!
2019年 09月 24日 星期二 10:38:23 CST lws login!
2019年 09月 24日 星期二 10:39:48 CST lws login!
2019年 09月 24日 星期二 19:23:47 CST lws login!
2019年 09月 25日 星期三 10:54:43 CST lws login!
2019年 09月 25日 星期三 14:27:57 CST lws login!
2019年 09月 25日 星期三 14:49:23 CST lws login!
2019年 09月 25日 星期三 19:54:56 CST lws login!
2019年 09月 25日 星期三 19:56:20 CST lws login!
2019年 09月 25日 星期三 20:03:32 CST lws login!
2019年 09月 25日 星期三 20:39:22 CST lws login!
2019年 09月 26日 星期四 07:37:23 CST lws login!
2019年 09月 27日 星期五 10:21:42 CST lws login!
2019年 09月 27日 星期五 10:26:26 CST lws login!
2019年 09月 27日 星期五 16:43:28 CST lws login!
2019年 09月 27日 星期五 19:41:40 CST lws login!
2019年 09月 27日 星期五 20:59:29 CST lws login!
2019年 09月 27日 星期五 21:51:18 CST lws login!
2019年 09月 28日 星期六 09:59:23 CST lws login!
2019年 09月 28日 星期六 12:09:28 CST lws login!
2019年 09月 29日 星期日 09:21:46 CST lws login!
2019年 09月 29日 星期日 10:10:36 CST lws login!
2019年 09月 29日 星期日 10:28:09 CST lws login!
2019年 09月 29日 星期日 13:01:44 CST lws login!
2019年 09月 30日 星期一 08:03:00 CST lws login!
2019年 09月 30日 星期一 17:38:12 CST lws login!
2019年 10月 01日 星期二 11:24:57 CST lws login!
2019年 10月 01日 星期二 11:41:48 CST lws login!
2019年 10月 01日 星期二 16:14:41 CST lws login!
2019年 10月 02日 星期三 11:29:42 CST lws login!
2019年 10月 02日 星期三 11:38:03 CST lws login!
2019年 10月 02日 星期三 18:03:29 CST lws login!
2019年 10月 03日 星期四 19:48:44 CST lws login!
2019年 10月 04日 星期五 10:59:26 CST lws login!
2019年 10月 05日 星期六 08:50:24 CST lws login!
2019年 10月 06日 星期日 10:10:59 CST lws login!
2019年 10月 06日 星期日 10:27:08 CST lws login!
2019年 10月 06日 星期日 11:39:42 CST lws login!
2019年 10月 07日 星期一 09:08:19 CST lws login!
2019年 10月 07日 星期一 13:15:09 CST lws login!
2019年 10月 08日 星期二 09:31:55 CST lws login!
2019年 10月 09日 星期三 13:35:17 CST lws login!
2019年 10月 09日 星期三 14:05:10 CST lws login!
2019年 10月 09日 星期三 19:59:18 CST lws login!
2019年 10月 09日 星期三 20:02:27 CST lws login!
2019年 10月 09日 星期三 21:12:55 CST lws login!
2019年 10月 10日 星期四 08:30:28 CST lws login!
2019年 10月 10日 星期四 09:54:53 CST lws login!
2019年 10月 10日 星期四 09:56:37 CST lws login!
2019年 10月 10日 星期四 10:14:22 CST lws login!
2019年 10月 11日 星期五 10:01:30 CST lws login!
2019年 10月 11日 星期五 17:25:10 CST lws login!
2019年 10月 12日 星期六 08:06:07 CST lws login!
2019年 10月 12日 星期六 21:12:45 CST lws login!
2019年 10月 12日 星期六 22:26:32 CST lws login!
2019年 10月 13日 星期日 12:10:55 CST lws login!
2019年 10月 13日 星期日 22:41:32 CST lws login!
2019年 10月 14日 星期一 09:45:06 CST lws login!
2019年 10月 14日 星期一 10:51:56 CST lws login!
2019年 10月 14日 星期一 21:03:55 CST lws login!
2019年 10月 15日 星期二 08:41:14 CST lws login!
2019年 10月 15日 星期二 12:04:51 CST lws login!
2019年 10月 15日 星期二 12:09:18 CST lws login!
2019年 10月 15日 星期二 13:53:37 CST lws login!
2019年 10月 15日 星期二 14:31:10 CST lws login!
2019年 10月 15日 星期二 15:38:48 CST lws login!
2019年 10月 15日 星期二 22:50:56 CST lws login!
2019年 10月 16日 星期三 09:20:36 CST lws login!
2019年 10月 16日 星期三 19:55:14 CST lws login!
2019年 10月 17日 星期四 11:55:12 CST lws login!
2019年 10月 17日 星期四 17:32:10 CST lws login!
2019年 10月 18日 星期五 08:35:32 CST lws login!
2019年 10月 18日 星期五 10:16:39 CST lws login!
2019年 10月 18日 星期五 12:30:49 CST lws login!
2019年 10月 18日 星期五 20:24:25 CST lws login!
2019年 10月 18日 星期五 22:13:04 CST lws login!
2019年 10月 18日 星期五 22:39:20 CST lws login!
2019年 10月 19日 星期六 09:39:50 CST lws login!
2019年 10月 19日 星期六 18:09:13 CST lws login!
2019年 10月 20日 星期日 09:33:17 CST lws login!
2019年 10月 20日 星期日 12:52:56 CST lws login!
2019年 10月 21日 星期一 08:39:53 CST lws login!
2019年 10月 22日 星期二 08:38:32 CST lws login!
2019年 10月 22日 星期二 09:38:15 CST lws login!
2019年 10月 22日 星期二 09:44:15 CST lws login!
2019年 10月 22日 星期二 19:46:57 CST lws login!
2019年 10月 23日 星期三 02:24:45 CST lws login!
2019年 10月 23日 星期三 14:07:15 CST lws login!
2019年 10月 24日 星期四 17:31:53 CST lws login!
2019年 10月 25日 星期五 07:58:28 CST lws login!
2019年 10月 25日 星期五 10:33:32 CST lws login!
2019年 10月 27日 星期日 22:07:25 CST lws login!
2019年 10月 27日 星期日 22:46:14 CST lws login!
2019年 10月 28日 星期一 11:29:57 CST lws login!
2019年 10月 28日 星期一 20:57:53 CST lws login!
2019年 10月 29日 星期二 15:51:00 CST lws login!
2019年 10月 29日 星期二 19:48:46 CST lws login!
2019年 10月 30日 星期三 10:30:14 CST lws login!
2019年 10月 31日 星期四 15:55:14 CST lws login!
2019年 11月 01日 星期五 12:34:18 CST lws login!
2019年 11月 02日 星期六 11:26:02 CST lws login!
2019年 11月 02日 星期六 13:18:36 CST lws login!
2019年 11月 03日 星期日 10:45:14 CST lws login!
2019年 11月 03日 星期日 12:37:33 CST lws login!
2019年 11月 04日 星期一 12:59:27 CST lws login!
2019年 11月 04日 星期一 16:06:44 CST lws login!
2019年 11月 04日 星期一 21:02:07 CST lws login!
2019年 11月 05日 星期二 20:19:15 CST lws login!
2019年 11月 07日 星期四 10:46:09 CST lws login!
2019年 11月 08日 星期五 12:18:52 CST lws login!
2019年 11月 08日 星期五 22:29:04 CST lws login!
2019年 11月 09日 星期六 10:43:18 CST lws login!
2019年 11月 09日 星期六 18:30:21 CST lws login!
2019年 11月 10日 星期日 09:09:20 CST lws login!
2019年 11月 10日 星期日 22:52:39 CST lws login!
2019年 11月 11日 星期一 10:37:43 CST lws login!
2019年 11月 11日 星期一 13:39:51 CST lws login!
2019年 11月 11日 星期一 22:53:21 CST lws login!
2019年 11月 12日 星期二 10:00:31 CST lws login!
2019年 11月 12日 星期二 10:07:05 CST lws login!
2019年 11月 12日 星期二 12:32:32 CST lws login!
2019年 11月 12日 星期二 15:42:12 CST lws login!
2019年 11月 12日 星期二 19:44:51 CST lws login!
2019年 11月 13日 星期三 10:32:00 CST lws login!
2019年 11月 14日 星期四 17:32:58 CST lws login!
2019年 11月 15日 星期五 08:08:17 CST lws login!
2019年 11月 15日 星期五 18:09:36 CST lws login!
2019年 11月 15日 星期五 18:11:09 CST lws login!
2019年 11月 15日 星期五 18:14:01 CST lws login!
2019年 11月 15日 星期五 18:14:52 CST lws login!
2019年 11月 15日 星期五 18:18:19 CST lws login!
2019年 11月 15日 星期五 18:23:31 CST lws login!
2019年 11月 15日 星期五 18:26:57 CST lws login!
2019年 11月 16日 星期六 09:40:55 CST lws login!
2019年 11月 16日 星期六 22:46:35 CST lws login!
2019年 11月 17日 星期日 11:42:21 CST lws login!
2019年 11月 17日 星期日 22:08:38 CST lws login!
2019年 11月 18日 星期一 10:27:28 CST lws login!
2019年 11月 19日 星期二 20:09:06 CST lws login!
2019年 11月 20日 星期三 11:21:44 CST lws login!
2019年 11月 21日 星期四 17:51:31 CST lws login!
2019年 11月 21日 星期四 21:49:27 CST lws login!
2019年 11月 23日 星期六 10:53:14 CST lws login!
2019年 11月 23日 星期六 12:46:18 CST lws login!
2019年 11月 24日 星期日 11:19:21 CST lws login!
2019年 11月 24日 星期日 12:24:21 CST lws login!
2019年 11月 24日 星期日 17:56:05 CST lws login!
2019年 11月 25日 星期一 08:10:29 CST lws login!
2019年 11月 25日 星期一 20:38:13 CST lws login!
2019年 11月 25日 星期一 21:00:12 CST lws login!
2019年 11月 25日 星期一 21:52:36 CST lws login!
2019年 11月 26日 星期二 17:35:31 CST lws login!
2019年 11月 26日 星期二 21:45:40 CST lws login!
2019年 11月 27日 星期三 09:52:04 CST lws login!
2019年 11月 28日 星期四 17:55:37 CST lws login!
2019年 11月 29日 星期五 15:46:35 CST lws login!
2019年 11月 30日 星期六 09:42:58 CST lws login!
2019年 11月 30日 星期六 18:05:13 CST lws login!
2019年 12月 01日 星期日 09:46:52 CST lws login!
2019年 12月 02日 星期一 12:35:16 CST lws login!
2019年 12月 03日 星期二 11:37:10 CST lws login!
2019年 12月 03日 星期二 19:49:54 CST lws login!
2019年 12月 04日 星期三 10:57:38 CST lws login!
2019年 12月 05日 星期四 09:28:27 CST lws login!
2019年 12月 05日 星期四 17:57:18 CST lws login!
2019年 12月 05日 星期四 18:07:33 CST lws login!
2019年 12月 06日 星期五 12:28:42 CST lws login!
2019年 12月 06日 星期五 12:46:01 CST lws login!
2019年 12月 06日 星期五 16:30:20 CST lws login!
2019年 12月 07日 星期六 09:38:42 CST lws login!
2019年 12月 07日 星期六 12:33:07 CST lws login!
2019年 12月 07日 星期六 21:44:32 CST lws login!
2019年 12月 07日 星期六 22:21:32 CST lws login!
2019年 12月 08日 星期日 09:45:35 CST lws login!
2019年 12月 08日 星期日 21:57:08 CST lws login!
2019年 12月 08日 星期日 22:45:18 CST lws login!
2019年 12月 09日 星期一 08:20:34 CST lws login!
2019年 12月 09日 星期一 16:07:59 CST lws login!
2019年 12月 10日 星期二 10:00:06 CST lws login!
2019年 12月 11日 星期三 17:30:31 CST lws login!
2019年 12月 12日 星期四 08:54:44 CST lws login!
2019年 12月 12日 星期四 14:29:40 CST lws login!
2019年 12月 13日 星期五 15:02:55 CST lws login!
2019年 12月 14日 星期六 11:54:47 CST lws login!
2019年 12月 14日 星期六 14:07:53 CST lws login!
2019年 12月 15日 星期日 10:38:02 CST lws login!
2019年 12月 15日 星期日 12:46:15 CST lws login!
2019年 12月 15日 星期日 17:58:11 CST lws login!
2019年 12月 15日 星期日 21:53:01 CST lws login!
2019年 12月 15日 星期日 22:25:04 CST lws login!
2019年 12月 16日 星期一 12:51:32 CST lws login!
2019年 12月 16日 星期一 20:11:45 CST lws login!
2019年 12月 17日 星期二 17:58:42 CST lws login!
2019年 12月 19日 星期四 17:56:28 CST lws login!
2019年 12月 19日 星期四 22:11:23 CST lws login!
2019年 12月 19日 星期四 22:12:18 CST lws login!
2019年 12月 19日 星期四 22:41:13 CST lws login!
2019年 12月 20日 星期五 07:56:50 CST lws login!
2019年 12月 21日 星期六 12:16:06 CST lws login!
2019年 12月 21日 星期六 13:36:20 CST lws login!
2019年 12月 21日 星期六 20:40:51 CST lws login!
2019年 12月 24日 星期二 10:44:41 CST lws login!
2019年 12月 28日 星期六 21:03:40 CST lws login!
2019年 12月 30日 星期一 17:37:00 CST lws login!
2020年 01月 01日 星期三 17:29:54 CST lws login!
2020年 01月 03日 星期五 14:04:02 CST lws login!
2020年 01月 04日 星期六 13:59:54 CST lws login!
2020年 01月 04日 星期六 17:56:12 CST lws login!
2020年 01月 05日 星期日 11:21:22 CST lws login!
2020年 01月 05日 星期日 11:34:56 CST lws login!
2020年 01月 05日 星期日 14:03:51 CST lws login!
2020年 01月 06日 星期一 13:24:11 CST lws login!
2020年 01月 07日 星期二 12:05:46 CST lws login!
2020年 01月 07日 星期二 16:44:51 CST lws login!
2020年 01月 07日 星期二 18:14:30 CST lws login!
2020年 01月 07日 星期二 18:26:00 CST lws login!
2020年 01月 07日 星期二 18:27:14 CST lws login!
2020年 01月 07日 星期二 18:29:47 CST lws login!
2020年 01月 07日 星期二 19:08:31 CST lws login!
2020年 01月 07日 星期二 22:11:34 CST lws login!
2020年 01月 08日 星期三 21:14:46 CST lws login!
2020年 01月 09日 星期四 12:53:50 CST lws login!
2020年 01月 09日 星期四 21:47:58 CST lws login!
2020年 01月 11日 星期六 12:27:51 CST lws login!
2020年 01月 12日 星期日 13:28:32 CST lws login!
2020年 01月 13日 星期一 15:05:24 CST lws login!
2020年 01月 13日 星期一 15:07:56 CST lws login!
2020年 01月 14日 星期二 16:31:09 CST lws login!
